<?xml version="1.0" encoding="UTF-8"?>
<testng-results ignored="0" total="2" passed="2" failed="0" skipped="0">
  <reporter-output>
  </reporter-output>
  <suite started-at="2020-07-19T19:30:27 IST" name="Default suite" finished-at="2020-07-19T19:30:27 IST" duration-ms="95">
    <groups>
    </groups>
    <test started-at="2020-07-19T19:30:27 IST" name="Default test" finished-at="2020-07-19T19:30:27 IST" duration-ms="95">
      <class name="testNG.Demo1">
        <test-method signature="demoMethod()[pri:2, instance:testNG.Demo1@6ff29830]" started-at="2020-07-19T19:30:27 IST" name="demoMethod" finished-at="2020-07-19T19:30:27 IST" duration-ms="22" status="PASS">
          <reporter-output>
          </reporter-output>
        </test-method> <!-- demoMethod -->
        <test-method signature="demoMethod2()[pri:0, instance:testNG.Demo1@6ff29830]" started-at="2020-07-19T19:30:27 IST" name="demoMethod2" finished-at="2020-07-19T19:30:27 IST" depends-on-methods="testNG.Demo1.demoMethod" duration-ms="5" status="PASS">
          <reporter-output>
          </reporter-output>
        </test-method> <!-- demoMethod2 -->
      </class> <!-- testNG.Demo1 -->
    </test> <!-- Default test -->
  </suite> <!-- Default suite -->
</testng-results>
